<?xml version="1.0" encoding="UTF-8"?>
<!-- Generated by org.testng.reporters.JUnitReportReporter -->
<testsuite hostname="LAPTOP-8NO3AAUC" failures="0" tests="1" name="GET_TC001.NewTest" time="3.142" errors="0" timestamp="2022-08-04T15:24:00 IST" skipped="0">
  <testcase classname="GET_TC001.NewTest" name="f" time="3.142"/>
  <system-out/>
</testsuite> <!-- GET_TC001.NewTest -->
