<?xml version="1.0" encoding="UTF-8"?>
<!-- Generated by org.testng.reporters.JUnitReportReporter -->
<testsuite hostname="LAPTOP-8NO3AAUC" name="NewTest" tests="2" failures="0" timestamp="16 Jan 2023 06:37:48 GMT" time="0.014" errors="0">
  <testcase name="f" time="0.009" classname="NewTest"/>
  <testcase name="f" time="0.005" classname="NewTest"/>
</testsuite> <!-- NewTest -->
