<?xml version="1.0" encoding="UTF-8"?>
<!-- Generated by org.testng.reporters.JUnitReportReporter -->
<testsuite hostname="LAPTOP-8NO3AAUC" name="decbatch.NewTest" tests="2" failures="0" timestamp="9 Jan 2023 04:21:37 GMT" time="0.015" errors="0">
  <testcase name="f" time="0.014" classname="decbatch.NewTest"/>
  <testcase name="f" time="0.001" classname="decbatch.NewTest"/>
</testsuite> <!-- decbatch.NewTest -->
