<?xml version="1.0" encoding="UTF-8"?>
<!-- Generated by org.testng.reporters.JUnitReportReporter -->
<testsuite hostname="LAPTOP-8NO3AAUC" failures="0" tests="2" name="TestNGExample.NewTest" time="0.004" errors="0" timestamp="2022-08-01T11:52:29 IST" skipped="0">
  <testcase classname="TestNGExample.NewTest" name="f" time="0.001"/>
  <system-out/>
  <testcase classname="TestNGExample.NewTest" name="f" time="0.003"/>
  <system-out/>
</testsuite> <!-- TestNGExample.NewTest -->
