<?xml version="1.0" encoding="UTF-8"?>
<!-- Generated by org.testng.reporters.JUnitReportReporter -->
<testsuite skipped="0" hostname="LAPTOP-8NO3AAUC" name="TestNGExample.TC_Excel" tests="1" failures="0" timestamp="2022-08-04T16:29:24 IST" time="5.825" errors="0">
  <testcase name="f" time="5.825" classname="TestNGExample.TC_Excel"/>
  <system-out/>
</testsuite> <!-- TestNGExample.TC_Excel -->
