<?xml version="1.0" encoding="UTF-8"?>
<!-- Generated by org.testng.reporters.JUnitReportReporter -->
<testsuite hostname="LAPTOP-8NO3AAUC" failures="0" tests="1" name="GET_PAC.TC02" time="1.659" errors="0" timestamp="2022-08-03T11:10:26 IST" skipped="0">
  <testcase classname="GET_PAC.TC02" name="get_TC02" time="1.659"/>
  <system-out/>
</testsuite> <!-- GET_PAC.TC02 -->
