<?xml version="1.0" encoding="UTF-8"?>
<!-- Generated by org.testng.reporters.JUnitReportReporter -->
<testsuite hostname="LAPTOP-8NO3AAUC" failures="0" tests="1" name="GET.POST_TC001" time="2.973" errors="0" timestamp="2022-07-29T10:04:09 IST" skipped="0">
  <testcase classname="GET.POST_TC001" name="post_test" time="2.973"/>
  <system-out/>
</testsuite> <!-- GET.POST_TC001 -->
