<?xml version="1.0" encoding="UTF-8"?>
<!-- Generated by org.testng.reporters.JUnitReportReporter -->
<testsuite hostname="LAPTOP-8NO3AAUC" failures="0" tests="1" name="GET.PUT_TC001" time="2.573" errors="0" timestamp="2022-07-29T11:39:01 IST" skipped="0">
  <testcase classname="GET.PUT_TC001" name="put_test" time="2.573"/>
  <system-out/>
</testsuite> <!-- GET.PUT_TC001 -->
