<?xml version="1.0" encoding="UTF-8"?>
<!-- Generated by org.testng.reporters.JUnitReportReporter -->
<testsuite hostname="LAPTOP-8NO3AAUC" failures="0" tests="4" name="TestNGExample.Testng_TC001" time="0.014" errors="0" timestamp="2022-08-01T11:52:29 IST" skipped="1">
  <testcase classname="TestNGExample.Testng_TC001" name="test5" time="0.002"/>
  <system-out/>
  <testcase classname="TestNGExample.Testng_TC001" name="test2" time="0.009"/>
  <system-out/>
  <testcase classname="TestNGExample.Testng_TC001" name="test3" time="0.003"/>
  <system-out/>
  <testcase classname="TestNGExample.Testng_TC001" name="f">
    <skipped/>
  </testcase> <!-- f -->
  <system-out/>
</testsuite> <!-- TestNGExample.Testng_TC001 -->
