<?xml version="1.0" encoding="UTF-8"?>
<!-- Generated by org.testng.reporters.JUnitReportReporter -->
<testsuite hostname="LAPTOP-8NO3AAUC" failures="0" tests="1" name="TestNGExample.TC_properites" time="3.117" errors="0" timestamp="2022-08-01T11:52:29 IST" skipped="0">
  <testcase classname="TestNGExample.TC_properites" name="f" time="3.117"/>
  <system-out/>
</testsuite> <!-- TestNGExample.TC_properites -->
