<?xml version="1.0" encoding="UTF-8"?>
<!-- Generated by org.testng.reporters.JUnitReportReporter -->
<testsuite hostname="LAPTOP-8NO3AAUC" failures="0" tests="1" name="POST.PAC.POST_TC4" time="2.348" errors="0" timestamp="2022-08-03T14:35:29 IST" skipped="0">
  <testcase classname="POST.PAC.POST_TC4" name="post_test" time="2.348"/>
  <system-out/>
</testsuite> <!-- POST.PAC.POST_TC4 -->
