<?xml version="1.0" encoding="UTF-8"?>
<!-- Generated by org.testng.reporters.JUnitReportReporter -->
<testsuite hostname="LAPTOP-8NO3AAUC" failures="0" tests="1" name="GET.TC02" time="1.704" errors="0" timestamp="2022-07-27T12:48:25 IST" skipped="0">
  <testcase classname="GET.TC02" name="get_TC02" time="1.704"/>
  <system-out/>
</testsuite> <!-- GET.TC02 -->
