<?xml version="1.0" encoding="UTF-8"?>
<!-- Generated by org.testng.reporters.JUnitReportReporter -->
<testsuite hostname="LAPTOP-8NO3AAUC" failures="0" tests="1" name="GET.GET_TC01" time="2.479" errors="0" timestamp="2022-07-27T14:49:16 IST" skipped="0">
  <testcase classname="GET.GET_TC01" name="GET_API" time="2.479"/>
  <system-out/>
</testsuite> <!-- GET.GET_TC01 -->
