<?xml version="1.0" encoding="UTF-8"?>
<!-- Generated by org.testng.reporters.JUnitReportReporter -->
<testsuite hostname="LAPTOP-8NO3AAUC" failures="0" tests="1" name="PATCH.PAC.PACTCH_TC001" time="2.416" errors="0" timestamp="2022-07-29T11:44:31 IST" skipped="0">
  <testcase classname="PATCH.PAC.PACTCH_TC001" name="f" time="2.416"/>
  <system-out/>
</testsuite> <!-- PATCH.PAC.PACTCH_TC001 -->
