<?xml version="1.0" encoding="UTF-8"?>
<!-- Generated by org.testng.reporters.JUnitReportReporter -->
<testsuite hostname="LAPTOP-8NO3AAUC" failures="0" tests="1" name="DELETE.PAC.DELETE_TC001" time="2.286" errors="0" timestamp="2022-07-29T11:47:47 IST" skipped="0">
  <testcase classname="DELETE.PAC.DELETE_TC001" name="f" time="2.286"/>
  <system-out/>
</testsuite> <!-- DELETE.PAC.DELETE_TC001 -->
